mode: set
github.com/xenvoid404/gosip/banner.go:31.43,37.34 4 0
github.com/xenvoid404/gosip/banner.go:37.34,37.72 1 0
github.com/xenvoid404/gosip/banner.go:38.2,38.31 1 0
github.com/xenvoid404/gosip/banner.go:38.31,38.66 1 0
github.com/xenvoid404/gosip/banner.go:39.2,39.36 1 0
github.com/xenvoid404/gosip/banner.go:39.36,39.81 1 0
github.com/xenvoid404/gosip/banner.go:40.2,40.33 1 0
github.com/xenvoid404/gosip/banner.go:40.33,40.70 1 0
github.com/xenvoid404/gosip/banner.go:41.2,45.28 4 0
github.com/xenvoid404/gosip/banner.go:45.28,47.3 1 0
github.com/xenvoid404/gosip/banner.go:48.2,56.23 8 0
github.com/xenvoid404/gosip/banner.go:59.24,61.16 2 0
github.com/xenvoid404/gosip/banner.go:61.16,63.3 1 0
github.com/xenvoid404/gosip/banner.go:64.2,64.41 1 0
github.com/xenvoid404/gosip/banner.go:67.49,68.16 1 0
github.com/xenvoid404/gosip/banner.go:68.16,70.3 1 0
github.com/xenvoid404/gosip/banner.go:71.2,72.11 2 0
github.com/xenvoid404/gosip/banner.go:72.11,74.3 1 0
github.com/xenvoid404/gosip/banner.go:75.2,77.16 3 0
github.com/xenvoid404/gosip/banner.go:77.16,79.3 1 0
github.com/xenvoid404/gosip/banner.go:80.2,80.8 1 0
github.com/xenvoid404/gosip/banner.go:83.37,84.14 1 0
github.com/xenvoid404/gosip/banner.go:85.35,86.21 1 0
github.com/xenvoid404/gosip/banner.go:88.2,88.13 1 0
github.com/xenvoid404/gosip/banner.go:91.54,92.14 1 0
github.com/xenvoid404/gosip/banner.go:92.14,94.3 1 0
github.com/xenvoid404/gosip/banner.go:95.2,95.34 1 0
github.com/xenvoid404/gosip/context.go:20.32,22.31 2 1
github.com/xenvoid404/gosip/context.go:22.31,24.3 1 1
github.com/xenvoid404/gosip/context.go:25.2,25.12 1 1
github.com/xenvoid404/gosip/context.go:29.45,32.2 2 1
github.com/xenvoid404/gosip/context.go:35.40,39.2 3 1
github.com/xenvoid404/gosip/context.go:42.45,47.2 4 1
github.com/xenvoid404/gosip/context.go:50.33,51.19 1 1
github.com/xenvoid404/gosip/context.go:51.19,53.3 1 1
github.com/xenvoid404/gosip/context.go:54.2,54.23 1 1
github.com/xenvoid404/gosip/context.go:54.23,56.3 1 1
github.com/xenvoid404/gosip/context.go:57.2,58.22 2 1
github.com/xenvoid404/gosip/context.go:62.44,64.2 1 1
github.com/xenvoid404/gosip/context.go:67.45,69.2 1 1
github.com/xenvoid404/gosip/router.go:42.20,50.71 6 1
github.com/xenvoid404/gosip/router.go:50.71,52.32 2 1
github.com/xenvoid404/gosip/router.go:52.32,54.4 1 1
github.com/xenvoid404/gosip/router.go:56.3,62.16 2 1
github.com/xenvoid404/gosip/router.go:65.2,65.10 1 1
github.com/xenvoid404/gosip/router.go:69.49,71.2 1 1
github.com/xenvoid404/gosip/router.go:75.47,82.2 1 1
github.com/xenvoid404/gosip/router.go:85.63,87.2 1 1
github.com/xenvoid404/gosip/router.go:90.64,92.2 1 0
github.com/xenvoid404/gosip/router.go:95.63,97.2 1 0
github.com/xenvoid404/gosip/router.go:100.65,102.2 1 0
github.com/xenvoid404/gosip/router.go:105.66,107.2 1 0
github.com/xenvoid404/gosip/router.go:110.67,112.2 1 0
github.com/xenvoid404/gosip/router.go:115.64,117.2 1 0
github.com/xenvoid404/gosip/router.go:121.74,131.79 7 1
github.com/xenvoid404/gosip/router.go:131.79,139.3 2 1
github.com/xenvoid404/gosip/router.go:148.61,150.15 2 1
github.com/xenvoid404/gosip/router.go:150.15,150.46 1 1
github.com/xenvoid404/gosip/router.go:152.2,152.36 1 1
github.com/xenvoid404/gosip/router.go:152.36,153.31 1 1
github.com/xenvoid404/gosip/router.go:153.31,154.12 1 1
github.com/xenvoid404/gosip/router.go:156.3,158.38 3 1
github.com/xenvoid404/gosip/router.go:158.38,160.4 1 1
github.com/xenvoid404/gosip/router.go:162.2,162.14 1 1
github.com/xenvoid404/gosip/router.go:166.39,167.33 1 1
github.com/xenvoid404/gosip/router.go:167.33,169.3 1 1
github.com/xenvoid404/gosip/router.go:173.53,174.19 1 1
github.com/xenvoid404/gosip/router.go:174.19,177.3 2 1
github.com/xenvoid404/gosip/router.go:178.2,178.54 1 1
github.com/xenvoid404/gosip/router.go:178.54,180.3 1 0
github.com/xenvoid404/gosip/router.go:185.52,187.2 1 1
github.com/xenvoid404/gosip/router.go:191.60,193.2 1 1
github.com/xenvoid404/gosip/router.go:198.54,200.2 1 1
github.com/xenvoid404/gosip/router.go:203.70,205.2 1 1
github.com/xenvoid404/gosip/router.go:208.44,219.2 3 0
github.com/xenvoid404/gosip/router.go:223.59,224.24 1 0
github.com/xenvoid404/gosip/router.go:224.24,226.3 1 0
github.com/xenvoid404/gosip/router.go:228.2,229.12 2 0
github.com/xenvoid404/gosip/router.go:229.12,231.3 1 0
github.com/xenvoid404/gosip/router.go:233.2,237.9 4 0
github.com/xenvoid404/gosip/router.go:238.22,239.43 1 0
github.com/xenvoid404/gosip/router.go:239.43,241.4 1 0
github.com/xenvoid404/gosip/router.go:242.3,242.13 1 0
github.com/xenvoid404/gosip/router.go:243.21,247.27 4 0
github.com/xenvoid404/gosip/router.go:252.44,253.18 1 1
github.com/xenvoid404/gosip/router.go:253.18,255.3 1 1
github.com/xenvoid404/gosip/router.go:256.2,256.16 1 1
github.com/xenvoid404/gosip/router.go:256.16,258.3 1 1
github.com/xenvoid404/gosip/router.go:259.2,259.75 1 1
github.com/xenvoid404/gosip/router.go:263.40,265.2 1 1
github.com/xenvoid404/gosip/router.go:268.48,270.2 1 1
github.com/xenvoid404/gosip/router.go:273.55,276.2 2 1
github.com/xenvoid404/gosip/example/main.go:9.13,11.52 2 0
github.com/xenvoid404/gosip/example/main.go:11.52,16.3 1 0
github.com/xenvoid404/gosip/example/main.go:17.2,17.60 1 0
github.com/xenvoid404/gosip/example/main.go:17.60,22.3 1 0
github.com/xenvoid404/gosip/example/main.go:23.2,23.60 1 0
github.com/xenvoid404/gosip/example/main.go:23.60,28.3 1 0
github.com/xenvoid404/gosip/example/main.go:30.2,30.48 1 0
github.com/xenvoid404/gosip/example/main.go:30.48,35.3 1 0
github.com/xenvoid404/gosip/example/main.go:36.2,36.53 1 0
github.com/xenvoid404/gosip/example/main.go:36.53,42.3 2 0
github.com/xenvoid404/gosip/example/main.go:44.2,44.42 1 0
github.com/xenvoid404/gosip/example/main.go:44.42,46.3 1 0
